<?xml version="1.0" encoding="UTF-8"?>
<coverage generated="1688168831761" clover="3.2.0">
  <project timestamp="1688168831761" name="All files">
    <metrics statements="54" coveredstatements="46" conditionals="6" coveredconditionals="3" methods="13" coveredmethods="11" elements="73" coveredelements="60" complexity="0" loc="54" ncloc="54" packages="3" files="6" classes="6"/>
    <package name="handlers">
      <metrics statements="8" coveredstatements="8" conditionals="0" coveredconditionals="0" methods="7" coveredmethods="7"/>
      <file name="response.handler.js" path="C:\Users\Desenvolvedor\Documents\github\C214-LAB_Letterboxd_ripoff\server\src\handlers\response.handler.js">
        <metrics statements="8" coveredstatements="8" conditionals="0" coveredconditionals="0" methods="7" coveredmethods="7"/>
        <line num="1" count="7" type="stmt"/>
        <line num="3" count="2" type="stmt"/>
        <line num="8" count="2" type="stmt"/>
        <line num="13" count="2" type="stmt"/>
        <line num="15" count="2" type="stmt"/>
        <line num="17" count="2" type="stmt"/>
        <line num="22" count="2" type="stmt"/>
        <line num="27" count="2" type="stmt"/>
      </file>
    </package>
    <package name="middlewares">
      <metrics statements="19" coveredstatements="15" conditionals="6" coveredconditionals="3" methods="2" coveredmethods="2"/>
      <file name="token.middleware.js" path="C:\Users\Desenvolvedor\Documents\github\C214-LAB_Letterboxd_ripoff\server\src\middlewares\token.middleware.js">
        <metrics statements="19" coveredstatements="15" conditionals="6" coveredconditionals="3" methods="2" coveredmethods="2"/>
        <line num="1" count="1" type="stmt"/>
        <line num="2" count="1" type="stmt"/>
        <line num="3" count="1" type="stmt"/>
        <line num="5" count="1" type="stmt"/>
        <line num="6" count="3" type="stmt"/>
        <line num="7" count="3" type="stmt"/>
        <line num="9" count="3" type="cond" truecount="2" falsecount="0"/>
        <line num="10" count="2" type="stmt"/>
        <line num="12" count="2" type="stmt"/>
        <line num="18" count="1" type="stmt"/>
        <line num="20" count="1" type="stmt"/>
        <line num="24" count="1" type="stmt"/>
        <line num="25" count="1" type="stmt"/>
        <line num="27" count="1" type="cond" truecount="1" falsecount="1"/>
        <line num="29" count="0" type="stmt"/>
        <line num="31" count="0" type="cond" truecount="0" falsecount="2"/>
        <line num="33" count="0" type="stmt"/>
        <line num="35" count="0" type="stmt"/>
        <line num="38" count="1" type="stmt"/>
      </file>
    </package>
    <package name="models">
      <metrics statements="27" coveredstatements="23" conditionals="0" coveredconditionals="0" methods="4" coveredmethods="2"/>
      <file name="favorite.model.js" path="C:\Users\Desenvolvedor\Documents\github\C214-LAB_Letterboxd_ripoff\server\src\models\favorite.model.js">
        <metrics statements="4" coveredstatements="4" conditionals="0" coveredconditionals="0" methods="0" coveredmethods="0"/>
        <line num="1" count="1" type="stmt"/>
        <line num="2" count="1" type="stmt"/>
        <line num="4" count="1" type="stmt"/>
        <line num="33" count="1" type="stmt"/>
      </file>
      <file name="model.options.js" path="C:\Users\Desenvolvedor\Documents\github\C214-LAB_Letterboxd_ripoff\server\src\models\model.options.js">
        <metrics statements="6" coveredstatements="2" conditionals="0" coveredconditionals="0" methods="2" coveredmethods="0"/>
        <line num="1" count="4" type="stmt"/>
        <line num="5" count="0" type="stmt"/>
        <line num="6" count="0" type="stmt"/>
        <line num="12" count="0" type="stmt"/>
        <line num="13" count="0" type="stmt"/>
        <line num="20" count="4" type="stmt"/>
      </file>
      <file name="review.model.js" path="C:\Users\Desenvolvedor\Documents\github\C214-LAB_Letterboxd_ripoff\server\src\models\review.model.js">
        <metrics statements="5" coveredstatements="5" conditionals="0" coveredconditionals="0" methods="0" coveredmethods="0"/>
        <line num="1" count="1" type="stmt"/>
        <line num="2" count="1" type="stmt"/>
        <line num="3" count="1" type="stmt"/>
        <line num="5" count="1" type="stmt"/>
        <line num="34" count="1" type="stmt"/>
      </file>
      <file name="user.model.js" path="C:\Users\Desenvolvedor\Documents\github\C214-LAB_Letterboxd_ripoff\server\src\models\user.model.js">
        <metrics statements="12" coveredstatements="12" conditionals="0" coveredconditionals="0" methods="2" coveredmethods="2"/>
        <line num="1" count="2" type="stmt"/>
        <line num="2" count="2" type="stmt"/>
        <line num="3" count="2" type="stmt"/>
        <line num="5" count="2" type="stmt"/>
        <line num="27" count="2" type="stmt"/>
        <line num="28" count="1" type="stmt"/>
        <line num="30" count="1" type="stmt"/>
        <line num="39" count="2" type="stmt"/>
        <line num="40" count="2" type="stmt"/>
        <line num="48" count="2" type="stmt"/>
        <line num="51" count="2" type="stmt"/>
        <line num="53" count="2" type="stmt"/>
      </file>
    </package>
  </project>
</coverage>
