{"C:\\Users\\Desenvolvedor\\Documents\\github\\C214-LAB_Letterboxd_ripoff\\server\\src\\models\\favorite.model.js": {"path":"C:\\Users\\Desenvolvedor\\Documents\\github\\C214-LAB_Letterboxd_ripoff\\server\\src\\models\\favorite.model.js","statementMap":{"0":{"start":{"line":1,"column":17},"end":{"line":1,"column":36}},"1":{"start":{"line":2,"column":21},"end":{"line":2,"column":50}},"2":{"start":{"line":4,"column":23},"end":{"line":31,"column":16}},"3":{"start":{"line":33,"column":0},"end":{"line":33,"column":60}}},"fnMap":{},"branchMap":{},"s":{"0":1,"1":1,"2":1,"3":1},"f":{},"b":{},"_coverageSchema":"1a1c01bbd47fc00a2c39e90264f33305004495a9","hash":"cebf5735bcc5ec0a5c9ce20195e596868d04556c"}
,"C:\\Users\\Desenvolvedor\\Documents\\github\\C214-LAB_Letterboxd_ripoff\\server\\src\\models\\model.options.js": {"path":"C:\\Users\\Desenvolvedor\\Documents\\github\\C214-LAB_Letterboxd_ripoff\\server\\src\\models\\model.options.js","statementMap":{"0":{"start":{"line":1,"column":21},"end":{"line":18,"column":1}},"1":{"start":{"line":5,"column":12},"end":{"line":5,"column":27}},"2":{"start":{"line":6,"column":12},"end":{"line":6,"column":23}},"3":{"start":{"line":12,"column":12},"end":{"line":12,"column":27}},"4":{"start":{"line":13,"column":12},"end":{"line":13,"column":23}},"5":{"start":{"line":20,"column":0},"end":{"line":20,"column":30}}},"fnMap":{"0":{"name":"(anonymous_0)","decl":{"start":{"line":4,"column":19},"end":{"line":4,"column":20}},"loc":{"start":{"line":4,"column":31},"end":{"line":7,"column":9}},"line":4},"1":{"name":"(anonymous_1)","decl":{"start":{"line":11,"column":19},"end":{"line":11,"column":20}},"loc":{"start":{"line":11,"column":31},"end":{"line":14,"column":9}},"line":11}},"branchMap":{},"s":{"0":3,"1":0,"2":0,"3":0,"4":0,"5":3},"f":{"0":0,"1":0},"b":{},"_coverageSchema":"1a1c01bbd47fc00a2c39e90264f33305004495a9","hash":"830595b92650674b4faff559705dcb3c93ec36c5"}
,"C:\\Users\\Desenvolvedor\\Documents\\github\\C214-LAB_Letterboxd_ripoff\\server\\src\\models\\review.model.js": {"path":"C:\\Users\\Desenvolvedor\\Documents\\github\\C214-LAB_Letterboxd_ripoff\\server\\src\\models\\review.model.js","statementMap":{"0":{"start":{"line":1,"column":17},"end":{"line":1,"column":36}},"1":{"start":{"line":2,"column":19},"end":{"line":2,"column":27}},"2":{"start":{"line":3,"column":21},"end":{"line":3,"column":50}},"3":{"start":{"line":5,"column":21},"end":{"line":32,"column":16}},"4":{"start":{"line":34,"column":0},"end":{"line":34,"column":56}}},"fnMap":{},"branchMap":{},"s":{"0":1,"1":1,"2":1,"3":1,"4":1},"f":{},"b":{},"_coverageSchema":"1a1c01bbd47fc00a2c39e90264f33305004495a9","hash":"7d0678929f08de766a3d0796cfed3d3814ec0cad"}
,"C:\\Users\\Desenvolvedor\\Documents\\github\\C214-LAB_Letterboxd_ripoff\\server\\src\\models\\user.model.js": {"path":"C:\\Users\\Desenvolvedor\\Documents\\github\\C214-LAB_Letterboxd_ripoff\\server\\src\\models\\user.model.js","statementMap":{"0":{"start":{"line":1,"column":17},"end":{"line":1,"column":36}},"1":{"start":{"line":2,"column":21},"end":{"line":2,"column":50}},"2":{"start":{"line":3,"column":15},"end":{"line":3,"column":32}},"3":{"start":{"line":5,"column":19},"end":{"line":25,"column":16}},"4":{"start":{"line":27,"column":0},"end":{"line":37,"column":2}},"5":{"start":{"line":28,"column":2},"end":{"line":28,"column":53}},"6":{"start":{"line":30,"column":2},"end":{"line":36,"column":20}},"7":{"start":{"line":39,"column":0},"end":{"line":49,"column":2}},"8":{"start":{"line":40,"column":15},"end":{"line":46,"column":19}},"9":{"start":{"line":48,"column":2},"end":{"line":48,"column":32}},"10":{"start":{"line":51,"column":18},"end":{"line":51,"column":52}},"11":{"start":{"line":53,"column":0},"end":{"line":53,"column":27}}},"fnMap":{"0":{"name":"(anonymous_0)","decl":{"start":{"line":27,"column":33},"end":{"line":27,"column":34}},"loc":{"start":{"line":27,"column":53},"end":{"line":37,"column":1}},"line":27},"1":{"name":"(anonymous_1)","decl":{"start":{"line":39,"column":35},"end":{"line":39,"column":36}},"loc":{"start":{"line":39,"column":55},"end":{"line":49,"column":1}},"line":39}},"branchMap":{},"s":{"0":1,"1":1,"2":1,"3":1,"4":1,"5":1,"6":1,"7":1,"8":2,"9":2,"10":1,"11":1},"f":{"0":1,"1":2},"b":{},"_coverageSchema":"1a1c01bbd47fc00a2c39e90264f33305004495a9","hash":"baabc506b52ea636fee2a7b2a2a3a200b28adef6"}
}
