{"C:\\Users\\Desenvolvedor\\Documents\\github\\C214-LAB_Letterboxd_ripoff\\server\\src\\handlers\\response.handler.js": {"path":"C:\\Users\\Desenvolvedor\\Documents\\github\\C214-LAB_Letterboxd_ripoff\\server\\src\\handlers\\response.handler.js","statementMap":{"0":{"start":{"line":1,"column":25},"end":{"line":1,"column":85}},"1":{"start":{"line":1,"column":52},"end":{"line":1,"column":85}},"2":{"start":{"line":3,"column":14},"end":{"line":6,"column":2}},"3":{"start":{"line":3,"column":23},"end":{"line":6,"column":2}},"4":{"start":{"line":8,"column":19},"end":{"line":11,"column":2}},"5":{"start":{"line":8,"column":37},"end":{"line":11,"column":2}},"6":{"start":{"line":13,"column":11},"end":{"line":13,"column":58}},"7":{"start":{"line":13,"column":26},"end":{"line":13,"column":58}},"8":{"start":{"line":15,"column":16},"end":{"line":15,"column":63}},"9":{"start":{"line":15,"column":31},"end":{"line":15,"column":63}},"10":{"start":{"line":17,"column":20},"end":{"line":20,"column":2}},"11":{"start":{"line":17,"column":29},"end":{"line":20,"column":2}},"12":{"start":{"line":22,"column":17},"end":{"line":25,"column":2}},"13":{"start":{"line":22,"column":26},"end":{"line":25,"column":2}},"14":{"start":{"line":27,"column":0},"end":{"line":34,"column":2}}},"fnMap":{"0":{"name":"(anonymous_0)","decl":{"start":{"line":1,"column":25},"end":{"line":1,"column":26}},"loc":{"start":{"line":1,"column":52},"end":{"line":1,"column":85}},"line":1},"1":{"name":"(anonymous_1)","decl":{"start":{"line":3,"column":14},"end":{"line":3,"column":15}},"loc":{"start":{"line":3,"column":23},"end":{"line":6,"column":2}},"line":3},"2":{"name":"(anonymous_2)","decl":{"start":{"line":8,"column":19},"end":{"line":8,"column":20}},"loc":{"start":{"line":8,"column":37},"end":{"line":11,"column":2}},"line":8},"3":{"name":"(anonymous_3)","decl":{"start":{"line":13,"column":11},"end":{"line":13,"column":12}},"loc":{"start":{"line":13,"column":26},"end":{"line":13,"column":58}},"line":13},"4":{"name":"(anonymous_4)","decl":{"start":{"line":15,"column":16},"end":{"line":15,"column":17}},"loc":{"start":{"line":15,"column":31},"end":{"line":15,"column":63}},"line":15},"5":{"name":"(anonymous_5)","decl":{"start":{"line":17,"column":20},"end":{"line":17,"column":21}},"loc":{"start":{"line":17,"column":29},"end":{"line":20,"column":2}},"line":17},"6":{"name":"(anonymous_6)","decl":{"start":{"line":22,"column":17},"end":{"line":22,"column":18}},"loc":{"start":{"line":22,"column":26},"end":{"line":25,"column":2}},"line":22}},"branchMap":{},"s":{"0":2,"1":7,"2":2,"3":1,"4":2,"5":1,"6":2,"7":1,"8":2,"9":1,"10":2,"11":2,"12":2,"13":1,"14":2},"f":{"0":7,"1":1,"2":1,"3":1,"4":1,"5":2,"6":1},"b":{},"_coverageSchema":"1a1c01bbd47fc00a2c39e90264f33305004495a9","hash":"41be2f101aac76907248b41ef947d5575b61dc39"}
,"C:\\Users\\Desenvolvedor\\Documents\\github\\C214-LAB_Letterboxd_ripoff\\server\\src\\middlewares\\token.middleware.js": {"path":"C:\\Users\\Desenvolvedor\\Documents\\github\\C214-LAB_Letterboxd_ripoff\\server\\src\\middlewares\\token.middleware.js","statementMap":{"0":{"start":{"line":1,"column":21},"end":{"line":1,"column":44}},"1":{"start":{"line":2,"column":24},"end":{"line":2,"column":66}},"2":{"start":{"line":3,"column":18},"end":{"line":3,"column":52}},"3":{"start":{"line":5,"column":20},"end":{"line":22,"column":1}},"4":{"start":{"line":6,"column":2},"end":{"line":21,"column":3}},"5":{"start":{"line":7,"column":25},"end":{"line":7,"column":53}},"6":{"start":{"line":9,"column":4},"end":{"line":16,"column":5}},"7":{"start":{"line":10,"column":20},"end":{"line":10,"column":46}},"8":{"start":{"line":12,"column":6},"end":{"line":15,"column":8}},"9":{"start":{"line":18,"column":4},"end":{"line":18,"column":17}},"10":{"start":{"line":20,"column":4},"end":{"line":20,"column":17}},"11":{"start":{"line":24,"column":13},"end":{"line":36,"column":1}},"12":{"start":{"line":25,"column":23},"end":{"line":25,"column":39}},"13":{"start":{"line":27,"column":2},"end":{"line":27,"column":61}},"14":{"start":{"line":27,"column":21},"end":{"line":27,"column":61}},"15":{"start":{"line":29,"column":15},"end":{"line":29,"column":58}},"16":{"start":{"line":31,"column":2},"end":{"line":31,"column":53}},"17":{"start":{"line":31,"column":13},"end":{"line":31,"column":53}},"18":{"start":{"line":33,"column":2},"end":{"line":33,"column":18}},"19":{"start":{"line":35,"column":2},"end":{"line":35,"column":9}},"20":{"start":{"line":38,"column":0},"end":{"line":41,"column":2}}},"fnMap":{"0":{"name":"(anonymous_0)","decl":{"start":{"line":5,"column":20},"end":{"line":5,"column":21}},"loc":{"start":{"line":5,"column":29},"end":{"line":22,"column":1}},"line":5},"1":{"name":"(anonymous_1)","decl":{"start":{"line":24,"column":13},"end":{"line":24,"column":14}},"loc":{"start":{"line":24,"column":39},"end":{"line":36,"column":1}},"line":24}},"branchMap":{"0":{"loc":{"start":{"line":9,"column":4},"end":{"line":16,"column":5}},"type":"if","locations":[{"start":{"line":9,"column":4},"end":{"line":16,"column":5}},{"start":{},"end":{}}],"line":9},"1":{"loc":{"start":{"line":27,"column":2},"end":{"line":27,"column":61}},"type":"if","locations":[{"start":{"line":27,"column":2},"end":{"line":27,"column":61}},{"start":{},"end":{}}],"line":27},"2":{"loc":{"start":{"line":31,"column":2},"end":{"line":31,"column":53}},"type":"if","locations":[{"start":{"line":31,"column":2},"end":{"line":31,"column":53}},{"start":{},"end":{}}],"line":31}},"s":{"0":1,"1":1,"2":1,"3":1,"4":3,"5":3,"6":3,"7":2,"8":2,"9":1,"10":1,"11":1,"12":1,"13":1,"14":1,"15":0,"16":0,"17":0,"18":0,"19":0,"20":1},"f":{"0":3,"1":1},"b":{"0":[2,1],"1":[1,0],"2":[0,0]},"_coverageSchema":"1a1c01bbd47fc00a2c39e90264f33305004495a9","hash":"56618587a2102d198f13c7ce717518d7d8db438e"}
,"C:\\Users\\Desenvolvedor\\Documents\\github\\C214-LAB_Letterboxd_ripoff\\server\\src\\models\\favorite.model.js": {"path":"C:\\Users\\Desenvolvedor\\Documents\\github\\C214-LAB_Letterboxd_ripoff\\server\\src\\models\\favorite.model.js","statementMap":{"0":{"start":{"line":1,"column":17},"end":{"line":1,"column":36}},"1":{"start":{"line":2,"column":21},"end":{"line":2,"column":50}},"2":{"start":{"line":4,"column":23},"end":{"line":31,"column":16}},"3":{"start":{"line":33,"column":0},"end":{"line":33,"column":60}}},"fnMap":{},"branchMap":{},"s":{"0":1,"1":1,"2":1,"3":1},"f":{},"b":{},"_coverageSchema":"1a1c01bbd47fc00a2c39e90264f33305004495a9","hash":"cebf5735bcc5ec0a5c9ce20195e596868d04556c"}
,"C:\\Users\\Desenvolvedor\\Documents\\github\\C214-LAB_Letterboxd_ripoff\\server\\src\\models\\model.options.js": {"path":"C:\\Users\\Desenvolvedor\\Documents\\github\\C214-LAB_Letterboxd_ripoff\\server\\src\\models\\model.options.js","statementMap":{"0":{"start":{"line":1,"column":21},"end":{"line":18,"column":1}},"1":{"start":{"line":5,"column":12},"end":{"line":5,"column":27}},"2":{"start":{"line":6,"column":12},"end":{"line":6,"column":23}},"3":{"start":{"line":12,"column":12},"end":{"line":12,"column":27}},"4":{"start":{"line":13,"column":12},"end":{"line":13,"column":23}},"5":{"start":{"line":20,"column":0},"end":{"line":20,"column":30}}},"fnMap":{"0":{"name":"(anonymous_0)","decl":{"start":{"line":4,"column":19},"end":{"line":4,"column":20}},"loc":{"start":{"line":4,"column":31},"end":{"line":7,"column":9}},"line":4},"1":{"name":"(anonymous_1)","decl":{"start":{"line":11,"column":19},"end":{"line":11,"column":20}},"loc":{"start":{"line":11,"column":31},"end":{"line":14,"column":9}},"line":11}},"branchMap":{},"s":{"0":4,"1":0,"2":0,"3":0,"4":0,"5":4},"f":{"0":0,"1":0},"b":{},"_coverageSchema":"1a1c01bbd47fc00a2c39e90264f33305004495a9","hash":"830595b92650674b4faff559705dcb3c93ec36c5"}
,"C:\\Users\\Desenvolvedor\\Documents\\github\\C214-LAB_Letterboxd_ripoff\\server\\src\\models\\review.model.js": {"path":"C:\\Users\\Desenvolvedor\\Documents\\github\\C214-LAB_Letterboxd_ripoff\\server\\src\\models\\review.model.js","statementMap":{"0":{"start":{"line":1,"column":17},"end":{"line":1,"column":36}},"1":{"start":{"line":2,"column":19},"end":{"line":2,"column":27}},"2":{"start":{"line":3,"column":21},"end":{"line":3,"column":50}},"3":{"start":{"line":5,"column":21},"end":{"line":32,"column":16}},"4":{"start":{"line":34,"column":0},"end":{"line":34,"column":56}}},"fnMap":{},"branchMap":{},"s":{"0":1,"1":1,"2":1,"3":1,"4":1},"f":{},"b":{},"_coverageSchema":"1a1c01bbd47fc00a2c39e90264f33305004495a9","hash":"7d0678929f08de766a3d0796cfed3d3814ec0cad"}
,"C:\\Users\\Desenvolvedor\\Documents\\github\\C214-LAB_Letterboxd_ripoff\\server\\src\\models\\user.model.js": {"path":"C:\\Users\\Desenvolvedor\\Documents\\github\\C214-LAB_Letterboxd_ripoff\\server\\src\\models\\user.model.js","statementMap":{"0":{"start":{"line":1,"column":17},"end":{"line":1,"column":36}},"1":{"start":{"line":2,"column":21},"end":{"line":2,"column":50}},"2":{"start":{"line":3,"column":15},"end":{"line":3,"column":32}},"3":{"start":{"line":5,"column":19},"end":{"line":25,"column":16}},"4":{"start":{"line":27,"column":0},"end":{"line":37,"column":2}},"5":{"start":{"line":28,"column":2},"end":{"line":28,"column":53}},"6":{"start":{"line":30,"column":2},"end":{"line":36,"column":20}},"7":{"start":{"line":39,"column":0},"end":{"line":49,"column":2}},"8":{"start":{"line":40,"column":15},"end":{"line":46,"column":19}},"9":{"start":{"line":48,"column":2},"end":{"line":48,"column":32}},"10":{"start":{"line":51,"column":18},"end":{"line":51,"column":52}},"11":{"start":{"line":53,"column":0},"end":{"line":53,"column":27}}},"fnMap":{"0":{"name":"(anonymous_0)","decl":{"start":{"line":27,"column":33},"end":{"line":27,"column":34}},"loc":{"start":{"line":27,"column":53},"end":{"line":37,"column":1}},"line":27},"1":{"name":"(anonymous_1)","decl":{"start":{"line":39,"column":35},"end":{"line":39,"column":36}},"loc":{"start":{"line":39,"column":55},"end":{"line":49,"column":1}},"line":39}},"branchMap":{},"s":{"0":2,"1":2,"2":2,"3":2,"4":2,"5":1,"6":1,"7":2,"8":2,"9":2,"10":2,"11":2},"f":{"0":1,"1":2},"b":{},"_coverageSchema":"1a1c01bbd47fc00a2c39e90264f33305004495a9","hash":"baabc506b52ea636fee2a7b2a2a3a200b28adef6"}
}
