TN:
SF:src\handlers\response.handler.js
FN:1,(anonymous_0)
FN:3,(anonymous_1)
FN:8,(anonymous_2)
FN:13,(anonymous_3)
FN:15,(anonymous_4)
FN:17,(anonymous_5)
FN:22,(anonymous_6)
FNF:7
FNH:7
FNDA:7,(anonymous_0)
FNDA:1,(anonymous_1)
FNDA:1,(anonymous_2)
FNDA:1,(anonymous_3)
FNDA:1,(anonymous_4)
FNDA:2,(anonymous_5)
FNDA:1,(anonymous_6)
DA:1,7
DA:3,2
DA:8,2
DA:13,2
DA:15,2
DA:17,2
DA:22,2
DA:27,2
LF:8
LH:8
BRF:0
BRH:0
end_of_record
TN:
SF:src\middlewares\token.middleware.js
FN:5,(anonymous_0)
FN:24,(anonymous_1)
FNF:2
FNH:2
FNDA:3,(anonymous_0)
FNDA:1,(anonymous_1)
DA:1,1
DA:2,1
DA:3,1
DA:5,1
DA:6,3
DA:7,3
DA:9,3
DA:10,2
DA:12,2
DA:18,1
DA:20,1
DA:24,1
DA:25,1
DA:27,1
DA:29,0
DA:31,0
DA:33,0
DA:35,0
DA:38,1
LF:19
LH:15
BRDA:9,0,0,2
BRDA:9,0,1,1
BRDA:27,1,0,1
BRDA:27,1,1,0
BRDA:31,2,0,0
BRDA:31,2,1,0
BRF:6
BRH:3
end_of_record
TN:
SF:src\models\favorite.model.js
FNF:0
FNH:0
DA:1,1
DA:2,1
DA:4,1
DA:33,1
LF:4
LH:4
BRF:0
BRH:0
end_of_record
TN:
SF:src\models\model.options.js
FN:4,(anonymous_0)
FN:11,(anonymous_1)
FNF:2
FNH:0
FNDA:0,(anonymous_0)
FNDA:0,(anonymous_1)
DA:1,4
DA:5,0
DA:6,0
DA:12,0
DA:13,0
DA:20,4
LF:6
LH:2
BRF:0
BRH:0
end_of_record
TN:
SF:src\models\review.model.js
FNF:0
FNH:0
DA:1,1
DA:2,1
DA:3,1
DA:5,1
DA:34,1
LF:5
LH:5
BRF:0
BRH:0
end_of_record
TN:
SF:src\models\user.model.js
FN:27,(anonymous_0)
FN:39,(anonymous_1)
FNF:2
FNH:2
FNDA:1,(anonymous_0)
FNDA:2,(anonymous_1)
DA:1,2
DA:2,2
DA:3,2
DA:5,2
DA:27,2
DA:28,1
DA:30,1
DA:39,2
DA:40,2
DA:48,2
DA:51,2
DA:53,2
LF:12
LH:12
BRF:0
BRH:0
end_of_record
