TN:
SF:src\models\favorite.model.js
FNF:0
FNH:0
DA:1,1
DA:2,1
DA:4,1
DA:33,1
LF:4
LH:4
BRF:0
BRH:0
end_of_record
TN:
SF:src\models\model.options.js
FN:4,(anonymous_0)
FN:11,(anonymous_1)
FNF:2
FNH:0
FNDA:0,(anonymous_0)
FNDA:0,(anonymous_1)
DA:1,3
DA:5,0
DA:6,0
DA:12,0
DA:13,0
DA:20,3
LF:6
LH:2
BRF:0
BRH:0
end_of_record
TN:
SF:src\models\review.model.js
FNF:0
FNH:0
DA:1,1
DA:2,1
DA:3,1
DA:5,1
DA:34,1
LF:5
LH:5
BRF:0
BRH:0
end_of_record
TN:
SF:src\models\user.model.js
FN:27,(anonymous_0)
FN:39,(anonymous_1)
FNF:2
FNH:2
FNDA:1,(anonymous_0)
FNDA:2,(anonymous_1)
DA:1,1
DA:2,1
DA:3,1
DA:5,1
DA:27,1
DA:28,1
DA:30,1
DA:39,1
DA:40,2
DA:48,2
DA:51,1
DA:53,1
LF:12
LH:12
BRF:0
BRH:0
end_of_record
